<?xml version="1.0" encoding="UTF-8"?>
<testsuite xmlns:xsi="http://www.w3.org/2001/XMLSchema-instance" xsi:noNamespaceSchemaLocation="https://maven.apache.org/surefire/maven-surefire-plugin/xsd/surefire-test-report-3.0.xsd" version="3.0" name="com.govtech.proj.GitHubStatusTrackerApplicationTests" time="2.366" tests="1" errors="0" skipped="0" failures="0">
  <properties>
[...]
</properties>
  <testcase name="contextLoads" classname="com.govtech.proj.GitHubStatusTrackerApplicationTests" time="0.418">
    <system-out><![CDATA[17:06:32.839 [main] INFO org.springframework.test.context.support.AnnotationConfigContextLoaderUtils -- Could not detect default configuration classes for test class [com.govtech.proj.GitHubStatusTrackerApplicationTests]: GitHubStatusTrackerApplicationTests does not declare any static, non-private, non-final, nested classes annotated with @Configuration.
17:06:32.885 [main] INFO org.springframework.boot.test.context.SpringBootTestContextBootstrapper -- Found @SpringBootConfiguration com.govtech.proj.GitHubStatusTrackerApplication for test class com.govtech.proj.GitHubStatusTrackerApplicationTests

  .   ____          _            __ _ _
 /\\ / ___'_ __ _ _(_)_ __  __ _ \ \ \ \
( ( )\___ | '_ | '_| | '_ \/ _` | \ \ \ \
 \\/  ___)| |_)| | | | | || (_| |  ) ) ) )
  '  |____| .__|_| |_|_| |_\__, | / / / /
 =========|_|==============|___/=/_/_/_/
 :: Spring Boot ::                (v3.1.8)

2024-02-13T17:06:33.053+08:00  WARN 14870 --- [           main] ory$DuplicateJsonObjectContextCustomizer : 

Found multiple occurrences of org.json.JSONObject on the class path:

	jar:file:/Users/yungkooi/.m2/repository/com/vaadin/external/google/android-json/0.0.20131108.vaadin1/android-json-0.0.20131108.vaadin1.jar!/org/json/JSONObject.class
	jar:file:/Users/yungkooi/.m2/repository/org/json/json/20231013/json-20231013.jar!/org/json/JSONObject.class

You may wish to exclude one of them to ensure predictable runtime behavior

2024-02-13T17:06:33.062+08:00  INFO 14870 --- [           main] .g.p.GitHubStatusTrackerApplicationTests : Starting GitHubStatusTrackerApplicationTests using Java 20.0.1 with PID 14870 (started by yungkooi in /Users/yungkooi/Downloads/github-status-tracker)
2024-02-13T17:06:33.062+08:00  INFO 14870 --- [           main] .g.p.GitHubStatusTrackerApplicationTests : No active profile set, falling back to 1 default profile: "default"
2024-02-13T17:06:33.345+08:00  INFO 14870 --- [           main] .s.d.r.c.RepositoryConfigurationDelegate : Bootstrapping Spring Data JPA repositories in DEFAULT mode.
2024-02-13T17:06:33.374+08:00  INFO 14870 --- [           main] .s.d.r.c.RepositoryConfigurationDelegate : Finished Spring Data repository scanning in 25 ms. Found 4 JPA repository interfaces.
2024-02-13T17:06:33.573+08:00  INFO 14870 --- [           main] com.zaxxer.hikari.HikariDataSource       : HikariPool-1 - Starting...
2024-02-13T17:06:33.687+08:00  INFO 14870 --- [           main] com.zaxxer.hikari.pool.HikariPool        : HikariPool-1 - Added connection conn0: url=jdbc:h2:mem:testdb user=SA
2024-02-13T17:06:33.687+08:00  INFO 14870 --- [           main] com.zaxxer.hikari.HikariDataSource       : HikariPool-1 - Start completed.
2024-02-13T17:06:33.710+08:00  INFO 14870 --- [           main] o.hibernate.jpa.internal.util.LogHelper  : HHH000204: Processing PersistenceUnitInfo [name: default]
2024-02-13T17:06:33.735+08:00  INFO 14870 --- [           main] org.hibernate.Version                    : HHH000412: Hibernate ORM core version 6.2.20.Final
2024-02-13T17:06:33.736+08:00  INFO 14870 --- [           main] org.hibernate.cfg.Environment            : HHH000406: Using bytecode reflection optimizer
2024-02-13T17:06:33.872+08:00  INFO 14870 --- [           main] o.s.o.j.p.SpringPersistenceUnitInfo      : No LoadTimeWeaver setup: ignoring JPA class transformer
2024-02-13T17:06:33.894+08:00  WARN 14870 --- [           main] org.hibernate.orm.deprecation            : HHH90000025: H2Dialect does not need to be specified explicitly using 'hibernate.dialect' (remove the property setting and it will be selected by default)
2024-02-13T17:06:34.259+08:00  INFO 14870 --- [           main] o.h.e.t.j.p.i.JtaPlatformInitiator       : HHH000489: No JTA platform available (set 'hibernate.transaction.jta.platform' to enable JTA platform integration)
2024-02-13T17:06:34.274+08:00  INFO 14870 --- [           main] j.LocalContainerEntityManagerFactoryBean : Initialized JPA EntityManagerFactory for persistence unit 'default'
2024-02-13T17:06:34.494+08:00  WARN 14870 --- [           main] JpaBaseConfiguration$JpaWebConfiguration : spring.jpa.open-in-view is enabled by default. Therefore, database queries may be performed during view rendering. Explicitly configure spring.jpa.open-in-view to disable this warning
2024-02-13T17:06:34.637+08:00  INFO 14870 --- [           main] o.s.b.a.h2.H2ConsoleAutoConfiguration    : H2 console available at '/h2-console'. Database available at 'jdbc:h2:mem:testdb'
2024-02-13T17:06:34.659+08:00  INFO 14870 --- [           main] .g.p.GitHubStatusTrackerApplicationTests : Started GitHubStatusTrackerApplicationTests in 1.709 seconds (process running for 2.286)
]]></system-out>
  </testcase>
</testsuite>